TN:
SF:middleware.ts
FN:10,middleware
FNF:1
FNH:1
FNDA:5,middleware
DA:1,1
DA:5,1
DA:6,1
DA:7,0
DA:8,1
DA:10,5
DA:11,5
DA:14,5
DA:16,1
DA:17,0
DA:18,0
DA:21,1
DA:23,1
DA:24,1
DA:25,1
DA:27,0
DA:28,0
DA:31,5
DA:33,3
DA:34,1
DA:35,1
DA:38,3
DA:39,1
DA:40,1
DA:43,3
DA:45,3
DA:46,1
DA:47,1
DA:50,0
DA:51,0
DA:52,0
DA:53,0
DA:55,0
DA:56,0
DA:57,3
DA:59,1
DA:60,1
DA:62,1
DA:63,1
DA:64,1
LF:40
LH:29
BRDA:6,0,0,0
BRDA:10,1,0,5
BRDA:14,2,0,1
BRDA:16,3,0,0
BRDA:25,4,0,0
BRDA:28,5,0,4
BRDA:31,6,0,3
BRDA:33,7,0,2
BRDA:33,8,0,1
BRDA:35,9,0,2
BRDA:38,10,0,1
BRDA:43,11,0,0
BRDA:45,12,0,1
BRDA:47,13,0,0
BRDA:57,14,0,1
BRF:15
BRH:10
end_of_record
TN:
SF:app/actions/track-session.ts
FN:13,normalizeTrackingInput
FN:28,setClientSession
FNF:2
FNH:2
FNDA:4,normalizeTrackingInput
FNDA:4,setClientSession
DA:1,1
DA:8,1
DA:9,1
DA:10,0
DA:11,1
DA:13,4
DA:14,4
DA:15,4
DA:18,3
DA:19,3
DA:20,4
DA:21,1
DA:22,1
DA:23,1
DA:25,2
DA:26,2
DA:28,4
DA:29,4
DA:30,4
DA:32,4
DA:33,1
DA:34,1
DA:37,3
DA:38,3
DA:39,3
DA:40,3
DA:41,3
DA:42,3
DA:43,3
DA:44,3
DA:45,3
DA:46,3
DA:47,3
DA:48,3
DA:49,3
DA:50,3
DA:51,3
DA:52,3
DA:53,3
DA:54,3
DA:55,3
DA:57,4
DA:58,0
DA:59,0
DA:62,3
DA:63,3
DA:64,3
DA:65,3
DA:66,3
DA:67,3
DA:70,3
DA:71,3
DA:72,3
DA:75,3
DA:76,3
DA:77,3
DA:78,3
DA:79,3
DA:80,3
DA:81,3
DA:82,3
DA:83,3
DA:84,3
DA:86,3
DA:87,4
DA:88,4
DA:89,4
DA:90,4
DA:91,0
DA:92,0
DA:93,0
DA:94,4
LF:72
LH:66
BRDA:9,0,0,0
BRDA:13,1,0,4
BRDA:15,2,0,1
BRDA:15,3,0,3
BRDA:20,4,0,1
BRDA:22,5,0,0
BRDA:23,6,0,2
BRDA:28,7,0,4
BRDA:32,8,0,1
BRDA:34,9,0,3
BRDA:57,10,0,0
BRDA:59,11,0,3
BRDA:90,12,0,0
BRF:13
BRH:9
end_of_record
TN:
SF:app/admin/services/actions.ts
FN:22,__vite_ssr_import_2__.z.object.slug.__vite_ssr_import_2__.z.string.trim.toLowerCase.refine.message
FN:49,toKobo
FN:53,ensurePublishable
FN:70,revalidateServicePaths
FN:83,listServicesAction
FN:89,createServiceAction
FN:124,updateServiceAction
FN:174,archiveServiceAction
FN:187,setServiceStatusAction
FNF:9
FNH:8
FNDA:10,__vite_ssr_import_2__.z.object.slug.__vite_ssr_import_2__.z.string.trim.toLowerCase.refine.message
FNDA:3,toKobo
FNDA:4,ensurePublishable
FNDA:6,revalidateServicePaths
FNDA:0,listServicesAction
FNDA:7,createServiceAction
FNDA:3,updateServiceAction
FNDA:2,archiveServiceAction
FNDA:2,setServiceStatusAction
DA:1,1
DA:8,1
DA:10,1
DA:11,10
DA:12,10
DA:13,6
DA:14,1
DA:16,1
DA:17,1
DA:18,1
DA:19,1
DA:20,1
DA:21,1
DA:22,1
DA:23,1
DA:24,1
DA:25,1
DA:26,1
DA:27,1
DA:28,1
DA:29,1
DA:30,1
DA:31,1
DA:32,1
DA:34,1
DA:36,1
DA:37,1
DA:38,1
DA:40,1
DA:41,1
DA:42,1
DA:44,1
DA:45,1
DA:46,1
DA:47,1
DA:49,3
DA:50,3
DA:51,3
DA:53,4
DA:54,4
DA:55,4
DA:56,4
DA:57,4
DA:58,4
DA:59,3
DA:61,3
DA:62,4
DA:63,0
DA:64,0
DA:65,4
DA:66,2
DA:67,2
DA:68,4
DA:70,6
DA:71,6
DA:72,6
DA:73,6
DA:74,6
DA:75,6
DA:77,6
DA:78,0
DA:79,0
DA:80,0
DA:81,6
DA:83,0
DA:84,0
DA:85,0
DA:86,0
DA:87,0
DA:89,7
DA:90,7
DA:92,7
DA:93,2
DA:94,2
DA:96,3
DA:97,3
DA:98,3
DA:99,3
DA:101,3
DA:102,1
DA:103,1
DA:105,2
DA:106,2
DA:107,2
DA:108,2
DA:109,2
DA:110,2
DA:111,2
DA:112,2
DA:113,2
DA:114,2
DA:115,2
DA:116,2
DA:117,2
DA:118,2
DA:120,2
DA:121,2
DA:122,2
DA:124,3
DA:125,3
DA:127,3
DA:128,3
DA:129,3
DA:130,3
DA:132,3
DA:133,0
DA:134,0
DA:136,3
DA:137,2
DA:138,2
DA:140,2
DA:141,0
DA:142,0
DA:144,2
DA:145,0
DA:146,0
DA:147,0
DA:148,0
DA:149,0
DA:150,0
DA:151,0
DA:152,0
DA:154,1
DA:155,1
DA:156,1
DA:157,1
DA:158,1
DA:159,1
DA:160,1
DA:161,1
DA:162,1
DA:163,1
DA:164,1
DA:165,1
DA:166,1
DA:167,1
DA:168,1
DA:170,1
DA:171,1
DA:172,1
DA:174,2
DA:175,2
DA:177,2
DA:178,2
DA:179,2
DA:180,2
DA:181,2
DA:183,2
DA:184,2
DA:185,2
DA:187,2
DA:188,2
DA:190,2
DA:191,2
DA:192,2
DA:193,2
DA:194,2
DA:195,2
DA:196,2
DA:197,2
DA:198,2
DA:199,2
DA:200,2
DA:201,2
DA:202,2
DA:203,2
DA:204,2
DA:206,2
DA:207,0
DA:208,0
DA:210,2
DA:211,2
DA:212,2
DA:213,2
DA:214,2
DA:215,2
DA:216,2
DA:217,2
DA:218,2
DA:219,2
DA:220,2
DA:221,2
DA:222,2
DA:223,2
DA:225,1
DA:226,1
DA:227,1
DA:228,1
DA:229,1
DA:230,1
DA:232,1
DA:233,1
DA:234,1
LF:193
LH:169
BRDA:10,0,0,10
BRDA:11,1,0,6
BRDA:11,2,0,4
BRDA:11,3,0,6
BRDA:12,4,0,0
BRDA:12,5,0,6
BRDA:22,6,0,10
BRDA:49,7,0,3
BRDA:50,8,0,2
BRDA:50,9,0,1
BRDA:53,10,0,4
BRDA:54,11,0,3
BRDA:54,12,0,1
BRDA:55,13,0,0
BRDA:55,14,0,3
BRDA:56,15,0,0
BRDA:56,16,0,3
BRDA:57,17,0,0
BRDA:57,18,0,3
BRDA:58,19,0,0
BRDA:58,20,0,3
BRDA:62,21,0,0
BRDA:64,22,0,3
BRDA:65,23,0,1
BRDA:65,24,0,2
BRDA:70,25,0,6
BRDA:77,26,0,1
BRDA:77,27,0,0
BRDA:89,28,0,7
BRDA:92,29,0,2
BRDA:94,30,0,3
BRDA:101,31,0,1
BRDA:103,32,0,2
BRDA:124,33,0,3
BRDA:132,34,0,0
BRDA:136,35,0,2
BRDA:136,36,0,2
BRDA:138,37,0,1
BRDA:140,38,0,0
BRDA:142,39,0,1
BRDA:144,40,0,0
BRDA:152,41,0,1
BRDA:174,42,0,2
BRDA:187,43,0,2
BRDA:206,44,0,0
BRDA:219,45,0,1
BRDA:219,46,0,1
BRDA:223,47,0,1
BRF:48
BRH:37
end_of_record
TN:
SF:app/api/webhooks/paystack/route.ts
FN:18,POST
FN:309,GET
FNF:2
FNH:1
FNDA:11,POST
FNDA:0,GET
DA:1,1
DA:18,11
DA:19,11
DA:21,11
DA:22,11
DA:25,11
DA:26,1
DA:27,1
DA:28,1
DA:29,1
DA:30,1
DA:31,1
DA:33,10
DA:36,11
DA:37,1
DA:38,1
DA:39,1
DA:41,9
DA:42,9
DA:46,9
DA:48,11
DA:49,1
DA:50,1
DA:51,1
DA:52,1
DA:53,1
DA:54,1
DA:55,1
DA:56,1
DA:57,1
DA:60,7
DA:61,11
DA:64,11
DA:66,11
DA:68,1
DA:69,1
DA:70,1
DA:72,1
DA:74,1
DA:75,0
DA:76,0
DA:77,0
DA:78,0
DA:79,0
DA:80,0
DA:81,0
DA:82,0
DA:85,1
DA:86,1
DA:87,1
DA:88,1
DA:89,1
DA:90,1
DA:91,1
DA:92,1
DA:93,1
DA:94,1
DA:95,1
DA:96,1
DA:97,1
DA:98,1
DA:101,1
DA:102,1
DA:103,1
DA:104,1
DA:105,1
DA:106,1
DA:107,1
DA:108,1
DA:109,1
DA:110,1
DA:111,1
DA:112,1
DA:113,1
DA:114,0
DA:115,0
DA:116,1
DA:118,1
DA:119,1
DA:120,1
DA:121,1
DA:122,1
DA:123,1
DA:125,0
DA:126,0
DA:127,0
DA:128,0
DA:129,0
DA:130,0
DA:133,11
DA:134,1
DA:135,1
DA:136,1
DA:137,1
DA:138,1
DA:139,1
DA:141,5
DA:142,11
DA:143,1
DA:144,1
DA:145,1
DA:146,1
DA:147,1
DA:148,1
DA:151,11
DA:152,1
DA:153,1
DA:154,1
DA:155,1
DA:156,1
DA:157,1
DA:158,1
DA:159,1
DA:162,3
DA:163,3
DA:164,3
DA:166,11
DA:168,2
DA:169,2
DA:170,2
DA:171,2
DA:172,2
DA:173,2
DA:174,2
DA:175,2
DA:176,2
DA:177,2
DA:178,2
DA:179,2
DA:180,2
DA:183,2
DA:184,2
DA:185,2
DA:186,2
DA:187,2
DA:188,2
DA:189,2
DA:190,2
DA:191,2
DA:192,2
DA:193,2
DA:194,2
DA:195,1
DA:196,1
DA:197,1
DA:198,2
DA:200,2
DA:201,2
DA:202,2
DA:203,2
DA:204,2
DA:205,2
DA:208,1
DA:209,1
DA:210,1
DA:211,1
DA:212,1
DA:213,1
DA:214,1
DA:215,1
DA:216,1
DA:217,1
DA:218,1
DA:220,1
DA:221,1
DA:222,1
DA:225,1
DA:226,1
DA:227,1
DA:228,1
DA:229,1
DA:230,1
DA:231,1
DA:232,1
DA:234,1
DA:235,1
DA:236,1
DA:237,1
DA:238,1
DA:239,1
DA:242,1
DA:243,1
DA:244,1
DA:245,1
DA:246,1
DA:247,1
DA:248,1
DA:249,1
DA:250,11
DA:251,11
DA:252,11
DA:253,11
DA:254,11
DA:255,11
DA:256,11
DA:257,11
DA:258,11
DA:259,11
DA:260,11
DA:261,11
DA:262,11
DA:263,11
DA:264,11
DA:267,1
DA:268,1
DA:269,1
DA:270,11
DA:271,11
DA:272,11
DA:273,11
DA:274,11
DA:275,11
DA:276,11
DA:277,11
DA:278,11
DA:279,11
DA:280,0
DA:282,0
DA:284,1
DA:285,1
DA:286,1
DA:287,1
DA:288,1
DA:290,1
DA:291,1
DA:292,1
DA:293,1
DA:294,1
DA:295,1
DA:296,1
DA:299,1
DA:300,1
DA:301,1
DA:302,1
DA:303,1
DA:304,11
DA:309,0
DA:310,0
DA:311,0
DA:312,0
DA:313,0
DA:314,0
LF:242
LH:218
BRDA:18,0,0,11
BRDA:25,1,0,0
BRDA:25,2,0,1
BRDA:31,3,0,10
BRDA:36,4,0,1
BRDA:39,5,0,9
BRDA:46,6,0,8
BRDA:48,7,0,7
BRDA:48,8,0,1
BRDA:57,9,0,7
BRDA:61,10,0,0
BRDA:66,11,0,1
BRDA:66,12,0,1
BRDA:74,13,0,0
BRDA:109,14,0,0
BRDA:113,15,0,0
BRDA:123,16,0,0
BRDA:130,17,0,6
BRDA:133,18,0,5
BRDA:133,19,0,5
BRDA:133,20,0,1
BRDA:139,21,0,5
BRDA:142,22,0,1
BRDA:148,23,0,4
BRDA:151,24,0,1
BRDA:159,25,0,3
BRDA:166,26,0,2
BRDA:189,27,0,0
BRDA:191,28,0,0
BRDA:194,29,0,1
BRDA:205,30,0,1
BRDA:250,31,0,0
BRDA:264,32,0,1
BRDA:270,33,0,0
BRDA:275,34,0,0
BRDA:278,35,0,1
BRDA:279,36,0,0
BRDA:282,37,0,1
BRF:38
BRH:26
end_of_record
TN:
SF:lib/paystack.ts
FN:26,nairaToKobo
FN:33,koboToNaira
FN:41,generatePaymentReference
FN:51,initializePayment
FN:83,verifyPayment
FN:102,validateWebhookSignature
FNF:6
FNH:4
FNDA:3,nairaToKobo
FNDA:3,koboToNaira
FNDA:2,generatePaymentReference
FNDA:0,initializePayment
FNDA:0,verifyPayment
FNDA:2,validateWebhookSignature
DA:7,1
DA:8,1
DA:10,1
DA:11,0
DA:12,0
DA:14,1
DA:15,0
DA:16,0
DA:21,1
DA:26,1
DA:27,3
DA:28,3
DA:33,1
DA:34,3
DA:35,3
DA:41,1
DA:42,2
DA:43,2
DA:44,2
DA:45,2
DA:51,0
DA:52,0
DA:53,0
DA:54,0
DA:56,0
DA:57,0
DA:58,0
DA:59,0
DA:60,0
DA:61,0
DA:62,0
DA:63,0
DA:64,0
DA:65,0
DA:66,0
DA:67,0
DA:68,0
DA:69,0
DA:70,0
DA:72,0
DA:73,0
DA:74,0
DA:76,0
DA:77,0
DA:83,0
DA:84,0
DA:85,0
DA:86,0
DA:87,0
DA:88,0
DA:89,0
DA:91,0
DA:92,0
DA:93,0
DA:95,0
DA:96,0
DA:102,1
DA:103,2
DA:104,2
DA:105,2
DA:106,2
DA:107,0
DA:108,0
DA:111,2
DA:112,2
DA:113,2
DA:114,2
DA:115,2
DA:117,2
DA:118,2
DA:123,1
DA:124,1
DA:125,1
DA:126,1
DA:127,1
DA:128,1
DA:129,1
DA:130,1
LF:78
LH:36
BRDA:10,0,0,0
BRDA:14,1,0,0
BRDA:14,2,0,0
BRDA:26,3,0,3
BRDA:33,4,0,3
BRDA:41,5,0,2
BRDA:102,6,0,2
BRDA:106,7,0,0
BRF:8
BRH:4
end_of_record
TN:
SF:lib/services.ts
FN:22,mapService
FN:54,getPublishedServices
FN:66,getPublishedServiceBySlug
FN:80,getServiceBySlugAnyStatus
FN:93,getServiceByIdAnyStatus
FN:106,getCheckoutServiceBySlug
FNF:6
FNH:4
FNDA:18,mapService
FNDA:2,getPublishedServices
FNDA:1,getPublishedServiceBySlug
FNDA:0,getServiceBySlugAnyStatus
FNDA:0,getServiceByIdAnyStatus
FNDA:15,getCheckoutServiceBySlug
DA:1,1
DA:7,1
DA:8,1
DA:9,1
DA:10,1
DA:11,1
DA:12,1
DA:13,1
DA:14,1
DA:15,1
DA:16,1
DA:17,1
DA:18,1
DA:19,1
DA:20,1
DA:22,18
DA:23,18
DA:37,18
DA:38,18
DA:39,18
DA:40,18
DA:41,18
DA:42,18
DA:43,18
DA:44,18
DA:45,18
DA:46,18
DA:47,18
DA:48,18
DA:49,18
DA:50,18
DA:51,18
DA:52,18
DA:54,2
DA:55,2
DA:56,2
DA:57,2
DA:58,2
DA:59,2
DA:60,2
DA:61,2
DA:63,2
DA:64,2
DA:66,1
DA:67,1
DA:68,1
DA:69,1
DA:70,1
DA:71,1
DA:72,1
DA:73,1
DA:74,1
DA:75,1
DA:77,1
DA:78,1
DA:80,0
DA:81,0
DA:82,0
DA:83,0
DA:84,0
DA:85,0
DA:86,0
DA:87,0
DA:88,0
DA:90,0
DA:91,0
DA:93,0
DA:94,0
DA:95,0
DA:96,0
DA:97,0
DA:98,0
DA:99,0
DA:100,0
DA:101,0
DA:103,0
DA:104,0
DA:106,15
DA:107,15
DA:108,15
DA:109,15
DA:110,15
DA:111,15
DA:112,15
DA:113,15
DA:114,15
DA:115,15
DA:116,15
DA:117,15
DA:118,15
DA:120,15
DA:121,7
DA:122,7
DA:124,8
DA:125,8
DA:126,8
DA:127,8
DA:128,8
LF:98
LH:76
BRDA:22,0,0,18
BRDA:54,1,0,2
BRDA:66,2,0,1
BRDA:77,3,0,0
BRDA:106,4,0,15
BRDA:120,5,0,9
BRDA:120,6,0,8
BRDA:120,7,0,11
BRDA:120,8,0,7
BRDA:122,9,0,8
BRF:10
BRH:9
end_of_record
